2017-Dec-27 14:23:59.758 INFO  [restartedMain] c.c.MyApplication - Starting MyApplication on JYOTISO-W81 with PID 9500 (D:\workspace\spring-boot-demo\target\classes started by jyotiso in D:\workspace\spring-boot-demo)
2017-Dec-27 14:23:59.759 INFO  [restartedMain] c.c.MyApplication - No active profile set, falling back to default profiles: default
2017-Dec-27 14:23:59.802 INFO  [restartedMain] o.s.b.c.e.AnnotationConfigEmbeddedWebApplicationContext - Refreshing org.springframework.boot.context.embedded.AnnotationConfigEmbeddedWebApplicationContext@34a91013: startup date [Wed Dec 27 14:23:59 IST 2017]; root of context hierarchy
2017-Dec-27 14:24:01.032 INFO  [restartedMain] o.s.c.s.PostProcessorRegistrationDelegate$BeanPostProcessorChecker - Bean 'org.springframework.transaction.annotation.ProxyTransactionManagementConfiguration' of type [org.springframework.transaction.annotation.ProxyTransactionManagementConfiguration$$EnhancerBySpringCGLIB$$6b276ed2] is not eligible for getting processed by all BeanPostProcessors (for example: not eligible for auto-proxying)
2017-Dec-27 14:24:01.391 INFO  [restartedMain] o.s.b.c.e.t.TomcatEmbeddedServletContainer - Tomcat initialized with port(s): 8080 (http)
2017-Dec-27 14:24:01.405 INFO  [restartedMain] o.a.c.c.StandardService - Starting service Tomcat
2017-Dec-27 14:24:01.406 INFO  [restartedMain] o.a.c.c.StandardEngine - Starting Servlet Engine: Apache Tomcat/8.5.11
2017-Dec-27 14:24:01.512 INFO  [localhost-startStop-1] o.a.c.c.C.[.[.[/] - Initializing Spring embedded WebApplicationContext
2017-Dec-27 14:24:01.513 INFO  [localhost-startStop-1] o.s.w.c.ContextLoader - Root WebApplicationContext: initialization completed in 1713 ms
2017-Dec-27 14:24:01.634 INFO  [localhost-startStop-1] o.s.b.w.s.ServletRegistrationBean - Mapping servlet: 'dispatcherServlet' to [/]
2017-Dec-27 14:24:01.637 INFO  [localhost-startStop-1] o.s.b.w.s.FilterRegistrationBean - Mapping filter: 'characterEncodingFilter' to: [/*]
2017-Dec-27 14:24:01.638 INFO  [localhost-startStop-1] o.s.b.w.s.FilterRegistrationBean - Mapping filter: 'hiddenHttpMethodFilter' to: [/*]
2017-Dec-27 14:24:01.639 INFO  [localhost-startStop-1] o.s.b.w.s.FilterRegistrationBean - Mapping filter: 'httpPutFormContentFilter' to: [/*]
2017-Dec-27 14:24:01.639 INFO  [localhost-startStop-1] o.s.b.w.s.FilterRegistrationBean - Mapping filter: 'requestContextFilter' to: [/*]
2017-Dec-27 14:24:02.160 INFO  [restartedMain] o.s.o.j.LocalContainerEntityManagerFactoryBean - Building JPA container EntityManagerFactory for persistence unit 'default'
2017-Dec-27 14:24:02.177 INFO  [restartedMain] o.h.j.i.u.LogHelper - HHH000204: Processing PersistenceUnitInfo [
	name: default
	...]
2017-Dec-27 14:24:02.242 INFO  [restartedMain] o.h.Version - HHH000412: Hibernate Core {5.0.12.Final}
2017-Dec-27 14:24:02.244 INFO  [restartedMain] o.h.c.Environment - HHH000206: hibernate.properties not found
2017-Dec-27 14:24:02.246 INFO  [restartedMain] o.h.c.Environment - HHH000021: Bytecode provider name : javassist
2017-Dec-27 14:24:02.284 INFO  [restartedMain] o.h.a.c.Version - HCANN000001: Hibernate Commons Annotations {5.0.1.Final}
2017-Dec-27 14:24:02.460 INFO  [restartedMain] o.h.d.Dialect - HHH000400: Using dialect: org.hibernate.dialect.MySQLDialect
2017-Dec-27 14:24:02.790 INFO  [restartedMain] o.s.o.j.LocalContainerEntityManagerFactoryBean - Initialized JPA EntityManagerFactory for persistence unit 'default'
2017-Dec-27 14:24:03.057 INFO  [restartedMain] o.s.w.s.m.m.a.RequestMappingHandlerAdapter - Looking for @ControllerAdvice: org.springframework.boot.context.embedded.AnnotationConfigEmbeddedWebApplicationContext@34a91013: startup date [Wed Dec 27 14:23:59 IST 2017]; root of context hierarchy
2017-Dec-27 14:24:03.124 INFO  [restartedMain] o.s.w.s.m.m.a.RequestMappingHandlerMapping - Mapped "{[/user/article/{id}],methods=[DELETE]}" onto public org.springframework.http.ResponseEntity<java.lang.Void> com.concretepage.controller.ArticleController.deleteArticle(java.lang.Integer)
2017-Dec-27 14:24:03.126 INFO  [restartedMain] o.s.w.s.m.m.a.RequestMappingHandlerMapping - Mapped "{[/user/article],methods=[POST]}" onto public org.springframework.http.ResponseEntity<java.lang.Void> com.concretepage.controller.ArticleController.addArticle(com.concretepage.entity.Article,org.springframework.web.util.UriComponentsBuilder)
2017-Dec-27 14:24:03.126 INFO  [restartedMain] o.s.w.s.m.m.a.RequestMappingHandlerMapping - Mapped "{[/user/article/{id}],methods=[GET]}" onto public org.springframework.http.ResponseEntity<com.concretepage.entity.Article> com.concretepage.controller.ArticleController.getArticleById(java.lang.Integer)
2017-Dec-27 14:24:03.127 INFO  [restartedMain] o.s.w.s.m.m.a.RequestMappingHandlerMapping - Mapped "{[/user/article],methods=[PUT]}" onto public org.springframework.http.ResponseEntity<com.concretepage.entity.Article> com.concretepage.controller.ArticleController.updateArticle(com.concretepage.entity.Article)
2017-Dec-27 14:24:03.127 INFO  [restartedMain] o.s.w.s.m.m.a.RequestMappingHandlerMapping - Mapped "{[/user/articles],methods=[GET]}" onto public org.springframework.http.ResponseEntity<java.util.List<com.concretepage.entity.Article>> com.concretepage.controller.ArticleController.getAllArticles()
2017-Dec-27 14:24:03.129 INFO  [restartedMain] o.s.w.s.m.m.a.RequestMappingHandlerMapping - Mapped "{[/error]}" onto public org.springframework.http.ResponseEntity<java.util.Map<java.lang.String, java.lang.Object>> org.springframework.boot.autoconfigure.web.BasicErrorController.error(javax.servlet.http.HttpServletRequest)
2017-Dec-27 14:24:03.130 INFO  [restartedMain] o.s.w.s.m.m.a.RequestMappingHandlerMapping - Mapped "{[/error],produces=[text/html]}" onto public org.springframework.web.servlet.ModelAndView org.springframework.boot.autoconfigure.web.BasicErrorController.errorHtml(javax.servlet.http.HttpServletRequest,javax.servlet.http.HttpServletResponse)
2017-Dec-27 14:24:03.156 INFO  [restartedMain] o.s.w.s.h.SimpleUrlHandlerMapping - Mapped URL path [/webjars/**] onto handler of type [class org.springframework.web.servlet.resource.ResourceHttpRequestHandler]
2017-Dec-27 14:24:03.157 INFO  [restartedMain] o.s.w.s.h.SimpleUrlHandlerMapping - Mapped URL path [/**] onto handler of type [class org.springframework.web.servlet.resource.ResourceHttpRequestHandler]
2017-Dec-27 14:24:03.189 INFO  [restartedMain] o.s.w.s.h.SimpleUrlHandlerMapping - Mapped URL path [/**/favicon.ico] onto handler of type [class org.springframework.web.servlet.resource.ResourceHttpRequestHandler]
2017-Dec-27 14:24:03.391 WARN  [restartedMain] o.s.b.d.a.OptionalLiveReloadServer - Unable to start LiveReload server
2017-Dec-27 14:24:03.436 INFO  [restartedMain] o.s.j.e.a.AnnotationMBeanExporter - Registering beans for JMX exposure on startup
2017-Dec-27 14:24:03.487 INFO  [restartedMain] o.s.b.c.e.t.TomcatEmbeddedServletContainer - Tomcat started on port(s): 8080 (http)
2017-Dec-27 14:24:03.493 INFO  [restartedMain] c.c.MyApplication - Started MyApplication in 3.984 seconds (JVM running for 4.332)
2017-Dec-27 14:24:03.494 INFO  [restartedMain] c.c.MyApplication - ---Application Started!---
2017-Dec-27 18:56:43.177 INFO  [restartedMain] c.c.MyApplication - Starting MyApplication on JYOTISO-W81 with PID 4036 (D:\workspace\spring-boot-demo\target\classes started by jyotiso in D:\workspace\spring-boot-demo)
2017-Dec-27 18:56:43.177 INFO  [restartedMain] c.c.MyApplication - No active profile set, falling back to default profiles: default
2017-Dec-27 18:56:43.220 INFO  [restartedMain] o.s.b.c.e.AnnotationConfigEmbeddedWebApplicationContext - Refreshing org.springframework.boot.context.embedded.AnnotationConfigEmbeddedWebApplicationContext@3c702eb0: startup date [Wed Dec 27 18:56:43 IST 2017]; root of context hierarchy
2017-Dec-27 18:56:44.296 INFO  [restartedMain] o.s.c.s.PostProcessorRegistrationDelegate$BeanPostProcessorChecker - Bean 'org.springframework.transaction.annotation.ProxyTransactionManagementConfiguration' of type [org.springframework.transaction.annotation.ProxyTransactionManagementConfiguration$$EnhancerBySpringCGLIB$$3cd3d105] is not eligible for getting processed by all BeanPostProcessors (for example: not eligible for auto-proxying)
2017-Dec-27 18:56:44.600 INFO  [restartedMain] o.s.b.c.e.t.TomcatEmbeddedServletContainer - Tomcat initialized with port(s): 8080 (http)
2017-Dec-27 18:56:44.611 INFO  [restartedMain] o.a.c.c.StandardService - Starting service Tomcat
2017-Dec-27 18:56:44.612 INFO  [restartedMain] o.a.c.c.StandardEngine - Starting Servlet Engine: Apache Tomcat/8.5.11
2017-Dec-27 18:56:44.704 INFO  [localhost-startStop-1] o.a.c.c.C.[.[.[/] - Initializing Spring embedded WebApplicationContext
2017-Dec-27 18:56:44.705 INFO  [localhost-startStop-1] o.s.w.c.ContextLoader - Root WebApplicationContext: initialization completed in 1487 ms
2017-Dec-27 18:56:44.819 INFO  [localhost-startStop-1] o.s.b.w.s.ServletRegistrationBean - Mapping servlet: 'dispatcherServlet' to [/]
2017-Dec-27 18:56:44.822 INFO  [localhost-startStop-1] o.s.b.w.s.FilterRegistrationBean - Mapping filter: 'characterEncodingFilter' to: [/*]
2017-Dec-27 18:56:44.822 INFO  [localhost-startStop-1] o.s.b.w.s.FilterRegistrationBean - Mapping filter: 'hiddenHttpMethodFilter' to: [/*]
2017-Dec-27 18:56:44.822 INFO  [localhost-startStop-1] o.s.b.w.s.FilterRegistrationBean - Mapping filter: 'httpPutFormContentFilter' to: [/*]
2017-Dec-27 18:56:44.823 INFO  [localhost-startStop-1] o.s.b.w.s.FilterRegistrationBean - Mapping filter: 'requestContextFilter' to: [/*]
2017-Dec-27 18:56:45.264 INFO  [restartedMain] o.s.o.j.LocalContainerEntityManagerFactoryBean - Building JPA container EntityManagerFactory for persistence unit 'default'
2017-Dec-27 18:56:45.277 INFO  [restartedMain] o.h.j.i.u.LogHelper - HHH000204: Processing PersistenceUnitInfo [
	name: default
	...]
2017-Dec-27 18:56:45.334 INFO  [restartedMain] o.h.Version - HHH000412: Hibernate Core {5.0.12.Final}
2017-Dec-27 18:56:45.335 INFO  [restartedMain] o.h.c.Environment - HHH000206: hibernate.properties not found
2017-Dec-27 18:56:45.336 INFO  [restartedMain] o.h.c.Environment - HHH000021: Bytecode provider name : javassist
2017-Dec-27 18:56:45.368 INFO  [restartedMain] o.h.a.c.Version - HCANN000001: Hibernate Commons Annotations {5.0.1.Final}
2017-Dec-27 18:56:45.541 INFO  [restartedMain] o.h.d.Dialect - HHH000400: Using dialect: org.hibernate.dialect.MySQLDialect
2017-Dec-27 18:56:45.862 INFO  [restartedMain] o.s.o.j.LocalContainerEntityManagerFactoryBean - Initialized JPA EntityManagerFactory for persistence unit 'default'
2017-Dec-27 18:56:46.119 INFO  [restartedMain] o.s.w.s.m.m.a.RequestMappingHandlerAdapter - Looking for @ControllerAdvice: org.springframework.boot.context.embedded.AnnotationConfigEmbeddedWebApplicationContext@3c702eb0: startup date [Wed Dec 27 18:56:43 IST 2017]; root of context hierarchy
2017-Dec-27 18:56:46.181 INFO  [restartedMain] o.s.w.s.m.m.a.RequestMappingHandlerMapping - Mapped "{[/user/article/{id}],methods=[GET]}" onto public org.springframework.http.ResponseEntity<com.concretepage.entity.Article> com.concretepage.controller.ArticleController.getArticleById(java.lang.Integer)
2017-Dec-27 18:56:46.182 INFO  [restartedMain] o.s.w.s.m.m.a.RequestMappingHandlerMapping - Mapped "{[/user/articles],methods=[GET]}" onto public org.springframework.http.ResponseEntity<java.util.List<com.concretepage.entity.Article>> com.concretepage.controller.ArticleController.getAllArticles()
2017-Dec-27 18:56:46.182 INFO  [restartedMain] o.s.w.s.m.m.a.RequestMappingHandlerMapping - Mapped "{[/user/article],methods=[POST]}" onto public org.springframework.http.ResponseEntity<java.lang.Void> com.concretepage.controller.ArticleController.addArticle(com.concretepage.entity.Article,org.springframework.web.util.UriComponentsBuilder)
2017-Dec-27 18:56:46.182 INFO  [restartedMain] o.s.w.s.m.m.a.RequestMappingHandlerMapping - Mapped "{[/user/article],methods=[PUT]}" onto public org.springframework.http.ResponseEntity<com.concretepage.entity.Article> com.concretepage.controller.ArticleController.updateArticle(com.concretepage.entity.Article)
2017-Dec-27 18:56:46.182 INFO  [restartedMain] o.s.w.s.m.m.a.RequestMappingHandlerMapping - Mapped "{[/user/article/{id}],methods=[DELETE]}" onto public org.springframework.http.ResponseEntity<java.lang.Void> com.concretepage.controller.ArticleController.deleteArticle(java.lang.Integer)
2017-Dec-27 18:56:46.184 INFO  [restartedMain] o.s.w.s.m.m.a.RequestMappingHandlerMapping - Mapped "{[/error]}" onto public org.springframework.http.ResponseEntity<java.util.Map<java.lang.String, java.lang.Object>> org.springframework.boot.autoconfigure.web.BasicErrorController.error(javax.servlet.http.HttpServletRequest)
2017-Dec-27 18:56:46.184 INFO  [restartedMain] o.s.w.s.m.m.a.RequestMappingHandlerMapping - Mapped "{[/error],produces=[text/html]}" onto public org.springframework.web.servlet.ModelAndView org.springframework.boot.autoconfigure.web.BasicErrorController.errorHtml(javax.servlet.http.HttpServletRequest,javax.servlet.http.HttpServletResponse)
2017-Dec-27 18:56:46.206 INFO  [restartedMain] o.s.w.s.h.SimpleUrlHandlerMapping - Mapped URL path [/webjars/**] onto handler of type [class org.springframework.web.servlet.resource.ResourceHttpRequestHandler]
2017-Dec-27 18:56:46.207 INFO  [restartedMain] o.s.w.s.h.SimpleUrlHandlerMapping - Mapped URL path [/**] onto handler of type [class org.springframework.web.servlet.resource.ResourceHttpRequestHandler]
2017-Dec-27 18:56:46.236 INFO  [restartedMain] o.s.w.s.h.SimpleUrlHandlerMapping - Mapped URL path [/**/favicon.ico] onto handler of type [class org.springframework.web.servlet.resource.ResourceHttpRequestHandler]
2017-Dec-27 18:56:46.413 WARN  [restartedMain] o.s.b.d.a.OptionalLiveReloadServer - Unable to start LiveReload server
2017-Dec-27 18:56:46.455 INFO  [restartedMain] o.s.j.e.a.AnnotationMBeanExporter - Registering beans for JMX exposure on startup
2017-Dec-27 18:56:46.500 INFO  [restartedMain] o.s.b.c.e.t.TomcatEmbeddedServletContainer - Tomcat started on port(s): 8080 (http)
2017-Dec-27 18:56:46.503 INFO  [restartedMain] c.c.MyApplication - Started MyApplication in 3.567 seconds (JVM running for 3.905)
2017-Dec-27 18:56:46.504 INFO  [restartedMain] c.c.MyApplication - ---Application Started!---
2017-Dec-27 18:56:51.081 INFO  [http-nio-8080-exec-1] o.a.c.c.C.[.[.[/] - Initializing Spring FrameworkServlet 'dispatcherServlet'
2017-Dec-27 18:56:51.081 INFO  [http-nio-8080-exec-1] o.s.w.s.DispatcherServlet - FrameworkServlet 'dispatcherServlet': initialization started
2017-Dec-27 18:56:51.103 INFO  [http-nio-8080-exec-1] o.s.w.s.DispatcherServlet - FrameworkServlet 'dispatcherServlet': initialization completed in 22 ms
2017-Dec-27 18:56:51.208 INFO  [http-nio-8080-exec-1] o.h.h.i.QueryTranslatorFactoryInitiator - HHH000397: Using ASTQueryTranslatorFactory
2017-Dec-27 18:56:51.298 DEBUG [http-nio-8080-exec-1] o.hibernate.SQL - 
    select
        article0_.article_id as article_1_0_,
        article0_.category as category2_0_,
        article0_.title as title3_0_ 
    from
        articles article0_ 
    order by
        article0_.article_id
